2026-04-16 13:27:28,143 DEBUG    root            Failed to read GCE cache file: [Errno 2] No such file or directory: '/content/.config/gce'
2026-04-16 13:27:40,168 DEBUG    root            Failed to check metadata server: <urlopen error timed out>
2026-04-16 13:27:40,168 DEBUG    root            On GCE from server: False
2026-04-16 13:27:40,175 DEBUG    root            Loaded Command Group: ['gcloud', 'components']
2026-04-16 13:27:40,181 DEBUG    root            Loaded Command Group: ['gcloud', 'components', 'update']
2026-04-16 13:27:40,185 DEBUG    root            Running [gcloud.components.update] with arguments: [--compile-python: "True", --quiet: "True", COMPONENT-IDS:6: "['core', 'gcloud-deps', 'bq', 'gcloud', 'gcloud-crc32c', 'gsutil']"]
2026-04-16 13:27:40,186 INFO     ___FILE_ONLY___ Beginning update. This process may take several minutes.

2026-04-16 13:27:40,207 DEBUG    root            On GCE from memory cache: False
2026-04-16 13:27:40,210 DEBUG    root            On GCE from memory cache: False
2026-04-16 13:27:40,217 DEBUG    urllib3.connectionpool Starting new HTTPS connection (1): dl.google.com:443
2026-04-16 13:27:40,293 DEBUG    urllib3.connectionpool https://dl.google.com:443 "GET /dl/cloudsdk/channels/rapid/components-2.json HTTP/1.1" 200 25067
2026-04-16 13:27:40,314 INFO     ___FILE_ONLY___ 

2026-04-16 13:27:40,315 INFO     ___FILE_ONLY___ 
Your current Google Cloud CLI version is: 565.0.0

2026-04-16 13:27:40,315 INFO     ___FILE_ONLY___ Installing components from version: 565.0.0

2026-04-16 13:27:40,315 INFO     ___FILE_ONLY___ 

2026-04-16 13:27:40,315 DEBUG    root            Chosen display Format:table[box,title="These components will be removed."](details.display_name:label=Name:align=left,version.version_string:label=Version:align=right,data.size.size(zero="",min=1048576):label=Size:align=right)
2026-04-16 13:27:40,316 DEBUG    root            Chosen display Format:table[box,title="These components will be updated."](details.display_name:label=Name:align=left,version.version_string:label=Version:align=right,data.size.size(zero="",min=1048576):label=Size:align=right)
2026-04-16 13:27:40,316 DEBUG    root            Chosen display Format:table[box,title="These components will be installed."](details.display_name:label=Name:align=left,version.version_string:label=Version:align=right,data.size.size(zero="",min=1048576):label=Size:align=right)
2026-04-16 13:27:40,397 INFO     ___FILE_ONLY___ ┌──────────────────────────────────────────────────────────────────────────────┐
2026-04-16 13:27:40,398 INFO     ___FILE_ONLY___ 

2026-04-16 13:27:40,398 INFO     ___FILE_ONLY___ │                     These components will be installed.                      │
2026-04-16 13:27:40,398 INFO     ___FILE_ONLY___ 

2026-04-16 13:27:40,398 INFO     ___FILE_ONLY___ ├─────────────────────────────────────────────────────┬────────────┬───────────┤
2026-04-16 13:27:40,398 INFO     ___FILE_ONLY___ 

2026-04-16 13:27:40,398 INFO     ___FILE_ONLY___ │                         Name                        │  Version   │    Size   │
2026-04-16 13:27:40,398 INFO     ___FILE_ONLY___ 

2026-04-16 13:27:40,398 INFO     ___FILE_ONLY___ ├─────────────────────────────────────────────────────┼────────────┼───────────┤
2026-04-16 13:27:40,398 INFO     ___FILE_ONLY___ 

2026-04-16 13:27:40,399 INFO     ___FILE_ONLY___ │ 
2026-04-16 13:27:40,399 INFO     ___FILE_ONLY___ BigQuery Command Line Tool                         
2026-04-16 13:27:40,399 INFO     ___FILE_ONLY___  
2026-04-16 13:27:40,399 INFO     ___FILE_ONLY___ │ 
2026-04-16 13:27:40,399 INFO     ___FILE_ONLY___     2.1.31
2026-04-16 13:27:40,399 INFO     ___FILE_ONLY___  
2026-04-16 13:27:40,399 INFO     ___FILE_ONLY___ │ 
2026-04-16 13:27:40,399 INFO     ___FILE_ONLY___   1.8 MiB
2026-04-16 13:27:40,399 INFO     ___FILE_ONLY___  
2026-04-16 13:27:40,399 INFO     ___FILE_ONLY___ │
2026-04-16 13:27:40,399 INFO     ___FILE_ONLY___ 

2026-04-16 13:27:40,400 INFO     ___FILE_ONLY___ │ 
2026-04-16 13:27:40,400 INFO     ___FILE_ONLY___ BigQuery Command Line Tool (Platform Specific)     
2026-04-16 13:27:40,400 INFO     ___FILE_ONLY___  
2026-04-16 13:27:40,400 INFO     ___FILE_ONLY___ │ 
2026-04-16 13:27:40,400 INFO     ___FILE_ONLY___     2.1.30
2026-04-16 13:27:40,400 INFO     ___FILE_ONLY___  
2026-04-16 13:27:40,400 INFO     ___FILE_ONLY___ │ 
2026-04-16 13:27:40,400 INFO     ___FILE_ONLY___   < 1 MiB
2026-04-16 13:27:40,400 INFO     ___FILE_ONLY___  
2026-04-16 13:27:40,400 INFO     ___FILE_ONLY___ │
2026-04-16 13:27:40,400 INFO     ___FILE_ONLY___ 

2026-04-16 13:27:40,400 INFO     ___FILE_ONLY___ │ 
2026-04-16 13:27:40,400 INFO     ___FILE_ONLY___ Bundled Python 3.13 (Platform Specific)            
2026-04-16 13:27:40,400 INFO     ___FILE_ONLY___  
2026-04-16 13:27:40,401 INFO     ___FILE_ONLY___ │ 
2026-04-16 13:27:40,401 INFO     ___FILE_ONLY___    3.13.11
2026-04-16 13:27:40,401 INFO     ___FILE_ONLY___  
2026-04-16 13:27:40,401 INFO     ___FILE_ONLY___ │ 
2026-04-16 13:27:40,401 INFO     ___FILE_ONLY___ 139.3 MiB
2026-04-16 13:27:40,401 INFO     ___FILE_ONLY___  
2026-04-16 13:27:40,401 INFO     ___FILE_ONLY___ │
2026-04-16 13:27:40,401 INFO     ___FILE_ONLY___ 

2026-04-16 13:27:40,401 INFO     ___FILE_ONLY___ │ 
2026-04-16 13:27:40,401 INFO     ___FILE_ONLY___ Cloud Storage Command Line Tool                    
2026-04-16 13:27:40,401 INFO     ___FILE_ONLY___  
2026-04-16 13:27:40,401 INFO     ___FILE_ONLY___ │ 
2026-04-16 13:27:40,401 INFO     ___FILE_ONLY___       5.36
2026-04-16 13:27:40,401 INFO     ___FILE_ONLY___  
2026-04-16 13:27:40,402 INFO     ___FILE_ONLY___ │ 
2026-04-16 13:27:40,402 INFO     ___FILE_ONLY___  12.4 MiB
2026-04-16 13:27:40,402 INFO     ___FILE_ONLY___  
2026-04-16 13:27:40,402 INFO     ___FILE_ONLY___ │
2026-04-16 13:27:40,402 INFO     ___FILE_ONLY___ 

2026-04-16 13:27:40,402 INFO     ___FILE_ONLY___ │ 
2026-04-16 13:27:40,402 INFO     ___FILE_ONLY___ Cloud Storage Command Line Tool (Platform Specific)
2026-04-16 13:27:40,402 INFO     ___FILE_ONLY___  
2026-04-16 13:27:40,402 INFO     ___FILE_ONLY___ │ 
2026-04-16 13:27:40,402 INFO     ___FILE_ONLY___       5.36
2026-04-16 13:27:40,402 INFO     ___FILE_ONLY___  
2026-04-16 13:27:40,402 INFO     ___FILE_ONLY___ │ 
2026-04-16 13:27:40,402 INFO     ___FILE_ONLY___   < 1 MiB
2026-04-16 13:27:40,403 INFO     ___FILE_ONLY___  
2026-04-16 13:27:40,403 INFO     ___FILE_ONLY___ │
2026-04-16 13:27:40,403 INFO     ___FILE_ONLY___ 

2026-04-16 13:27:40,403 INFO     ___FILE_ONLY___ │ 
2026-04-16 13:27:40,403 INFO     ___FILE_ONLY___ Google Cloud CLI Core Libraries (Platform Specific)
2026-04-16 13:27:40,403 INFO     ___FILE_ONLY___  
2026-04-16 13:27:40,403 INFO     ___FILE_ONLY___ │ 
2026-04-16 13:27:40,403 INFO     ___FILE_ONLY___ 2026.03.23
2026-04-16 13:27:40,403 INFO     ___FILE_ONLY___  
2026-04-16 13:27:40,403 INFO     ___FILE_ONLY___ │ 
2026-04-16 13:27:40,403 INFO     ___FILE_ONLY___   < 1 MiB
2026-04-16 13:27:40,403 INFO     ___FILE_ONLY___  
2026-04-16 13:27:40,403 INFO     ___FILE_ONLY___ │
2026-04-16 13:27:40,404 INFO     ___FILE_ONLY___ 

2026-04-16 13:27:40,404 INFO     ___FILE_ONLY___ │ 
2026-04-16 13:27:40,404 INFO     ___FILE_ONLY___ Google Cloud CRC32C Hash Tool (Platform Specific)  
2026-04-16 13:27:40,404 INFO     ___FILE_ONLY___  
2026-04-16 13:27:40,404 INFO     ___FILE_ONLY___ │ 
2026-04-16 13:27:40,404 INFO     ___FILE_ONLY___      1.0.0
2026-04-16 13:27:40,404 INFO     ___FILE_ONLY___  
2026-04-16 13:27:40,404 INFO     ___FILE_ONLY___ │ 
2026-04-16 13:27:40,404 INFO     ___FILE_ONLY___   1.5 MiB
2026-04-16 13:27:40,404 INFO     ___FILE_ONLY___  
2026-04-16 13:27:40,404 INFO     ___FILE_ONLY___ │
2026-04-16 13:27:40,404 INFO     ___FILE_ONLY___ 

2026-04-16 13:27:40,404 INFO     ___FILE_ONLY___ │ 
2026-04-16 13:27:40,405 INFO     ___FILE_ONLY___ gcloud cli dependencies (Platform Specific)        
2026-04-16 13:27:40,405 INFO     ___FILE_ONLY___  
2026-04-16 13:27:40,405 INFO     ___FILE_ONLY___ │ 
2026-04-16 13:27:40,405 INFO     ___FILE_ONLY___ 2021.04.16
2026-04-16 13:27:40,405 INFO     ___FILE_ONLY___  
2026-04-16 13:27:40,405 INFO     ___FILE_ONLY___ │ 
2026-04-16 13:27:40,405 INFO     ___FILE_ONLY___   < 1 MiB
2026-04-16 13:27:40,405 INFO     ___FILE_ONLY___  
2026-04-16 13:27:40,405 INFO     ___FILE_ONLY___ │
2026-04-16 13:27:40,405 INFO     ___FILE_ONLY___ 

2026-04-16 13:27:40,405 INFO     ___FILE_ONLY___ └─────────────────────────────────────────────────────┴────────────┴───────────┘
2026-04-16 13:27:40,405 INFO     ___FILE_ONLY___ 

2026-04-16 13:27:40,406 INFO     ___FILE_ONLY___ 

2026-04-16 13:27:40,407 DEBUG    root            On GCE from memory cache: False
2026-04-16 13:27:40,409 DEBUG    root            On GCE from memory cache: False
2026-04-16 13:27:40,411 DEBUG    urllib3.connectionpool Starting new HTTPS connection (1): dl.google.com:443
2026-04-16 13:27:40,485 DEBUG    urllib3.connectionpool https://dl.google.com:443 "GET /dl/cloudsdk/channels/rapid/RELEASE_NOTES HTTP/1.1" 200 359236
2026-04-16 13:27:41,534 INFO     ___FILE_ONLY___ For the latest full release notes, please visit:
  https://cloud.google.com/sdk/release_notes


2026-04-16 13:27:41,536 INFO     ___FILE_ONLY___ Performing in place update...


2026-04-16 13:27:41,539 INFO     ___FILE_ONLY___ ╔════════════════════════════════════════════════════════════╗

2026-04-16 13:27:41,539 INFO     ___FILE_ONLY___ ╠═ Downloading: BigQuery Command Line Tool                  ═╣

2026-04-16 13:27:41,539 INFO     ___FILE_ONLY___ ╚
2026-04-16 13:27:41,541 DEBUG    root            On GCE from memory cache: False
2026-04-16 13:27:41,543 DEBUG    root            On GCE from memory cache: False
2026-04-16 13:27:41,544 DEBUG    urllib3.connectionpool Starting new HTTPS connection (1): dl.google.com:443
2026-04-16 13:27:41,620 DEBUG    urllib3.connectionpool https://dl.google.com:443 "GET /dl/cloudsdk/channels/rapid/components/google-cloud-sdk-bq-20260327141905.tar.gz HTTP/1.1" 200 1931708
2026-04-16 13:27:41,655 INFO     ___FILE_ONLY___ ═
2026-04-16 13:27:41,656 INFO     ___FILE_ONLY___ ═
2026-04-16 13:27:41,657 INFO     ___FILE_ONLY___ ═
2026-04-16 13:27:41,659 INFO     ___FILE_ONLY___ ═
2026-04-16 13:27:41,659 INFO     ___FILE_ONLY___ ═
2026-04-16 13:27:41,659 INFO     ___FILE_ONLY___ ═
2026-04-16 13:27:41,660 INFO     ___FILE_ONLY___ ═
2026-04-16 13:27:41,660 INFO     ___FILE_ONLY___ ═
2026-04-16 13:27:41,660 INFO     ___FILE_ONLY___ ═
2026-04-16 13:27:41,661 INFO     ___FILE_ONLY___ ═
2026-04-16 13:27:41,661 INFO     ___FILE_ONLY___ ═
2026-04-16 13:27:41,661 INFO     ___FILE_ONLY___ ═
2026-04-16 13:27:41,661 INFO     ___FILE_ONLY___ ═
2026-04-16 13:27:41,661 INFO     ___FILE_ONLY___ ═
2026-04-16 13:27:41,662 INFO     ___FILE_ONLY___ ═
2026-04-16 13:27:41,662 INFO     ___FILE_ONLY___ ═
2026-04-16 13:27:41,662 INFO     ___FILE_ONLY___ ═
2026-04-16 13:27:41,662 INFO     ___FILE_ONLY___ ═
2026-04-16 13:27:41,662 INFO     ___FILE_ONLY___ ═
2026-04-16 13:27:41,662 INFO     ___FILE_ONLY___ ═
2026-04-16 13:27:41,663 INFO     ___FILE_ONLY___ ═
2026-04-16 13:27:41,663 INFO     ___FILE_ONLY___ ═
2026-04-16 13:27:41,663 INFO     ___FILE_ONLY___ ═
2026-04-16 13:27:41,663 INFO     ___FILE_ONLY___ ═
2026-04-16 13:27:41,663 INFO     ___FILE_ONLY___ ═
2026-04-16 13:27:41,664 INFO     ___FILE_ONLY___ ═
2026-04-16 13:27:41,664 INFO     ___FILE_ONLY___ ═
2026-04-16 13:27:41,664 INFO     ___FILE_ONLY___ ═
2026-04-16 13:27:41,664 INFO     ___FILE_ONLY___ ═
2026-04-16 13:27:41,664 INFO     ___FILE_ONLY___ ═
2026-04-16 13:27:41,664 INFO     ___FILE_ONLY___ ═
2026-04-16 13:27:41,665 INFO     ___FILE_ONLY___ ═
2026-04-16 13:27:41,665 INFO     ___FILE_ONLY___ ═
2026-04-16 13:27:41,665 INFO     ___FILE_ONLY___ ═
2026-04-16 13:27:41,665 INFO     ___FILE_ONLY___ ═
2026-04-16 13:27:41,665 INFO     ___FILE_ONLY___ ═
2026-04-16 13:27:41,665 INFO     ___FILE_ONLY___ ═
2026-04-16 13:27:41,666 INFO     ___FILE_ONLY___ ═
2026-04-16 13:27:41,666 INFO     ___FILE_ONLY___ ═
2026-04-16 13:27:41,666 INFO     ___FILE_ONLY___ ═
2026-04-16 13:27:41,666 INFO     ___FILE_ONLY___ ═
2026-04-16 13:27:41,666 INFO     ___FILE_ONLY___ ═
2026-04-16 13:27:41,667 INFO     ___FILE_ONLY___ ═
2026-04-16 13:27:41,667 INFO     ___FILE_ONLY___ ═
2026-04-16 13:27:41,667 INFO     ___FILE_ONLY___ ═
2026-04-16 13:27:41,667 INFO     ___FILE_ONLY___ ═
2026-04-16 13:27:41,667 INFO     ___FILE_ONLY___ ═
2026-04-16 13:27:41,667 INFO     ___FILE_ONLY___ ═
2026-04-16 13:27:41,668 INFO     ___FILE_ONLY___ ═
2026-04-16 13:27:41,668 INFO     ___FILE_ONLY___ ═
2026-04-16 13:27:41,668 INFO     ___FILE_ONLY___ ═
2026-04-16 13:27:41,668 INFO     ___FILE_ONLY___ ═
2026-04-16 13:27:41,668 INFO     ___FILE_ONLY___ ═
2026-04-16 13:27:41,668 INFO     ___FILE_ONLY___ ═
2026-04-16 13:27:41,669 INFO     ___FILE_ONLY___ ═
2026-04-16 13:27:41,669 INFO     ___FILE_ONLY___ ═
2026-04-16 13:27:41,669 INFO     ___FILE_ONLY___ ═
2026-04-16 13:27:41,669 INFO     ___FILE_ONLY___ ═
2026-04-16 13:27:41,670 INFO     ___FILE_ONLY___ ═
2026-04-16 13:27:41,670 INFO     ___FILE_ONLY___ ═
2026-04-16 13:27:41,671 INFO     ___FILE_ONLY___ ╝

2026-04-16 13:27:41,673 INFO     ___FILE_ONLY___ ╔════════════════════════════════════════════════════════════╗

2026-04-16 13:27:41,674 INFO     ___FILE_ONLY___ ╠═ Downloading: BigQuery Command Line Tool (Platform Spe... ═╣

2026-04-16 13:27:41,674 INFO     ___FILE_ONLY___ ╚
2026-04-16 13:27:41,675 DEBUG    root            On GCE from memory cache: False
2026-04-16 13:27:41,677 DEBUG    root            On GCE from memory cache: False
2026-04-16 13:27:41,679 DEBUG    urllib3.connectionpool Starting new HTTPS connection (1): dl.google.com:443
2026-04-16 13:27:41,752 DEBUG    urllib3.connectionpool https://dl.google.com:443 "GET /dl/cloudsdk/channels/rapid/components/google-cloud-sdk-bq-nix-20260323151659.tar.gz HTTP/1.1" 200 1932
2026-04-16 13:27:41,753 INFO     ___FILE_ONLY___ ════════════════════════════════════════════════════════════
2026-04-16 13:27:41,753 INFO     ___FILE_ONLY___ ╝

2026-04-16 13:27:41,756 INFO     ___FILE_ONLY___ ╔════════════════════════════════════════════════════════════╗

2026-04-16 13:27:41,756 INFO     ___FILE_ONLY___ ╠═ Downloading: Bundled Python 3.13                         ═╣

2026-04-16 13:27:41,756 INFO     ___FILE_ONLY___ ╚
2026-04-16 13:27:41,756 INFO     ___FILE_ONLY___ ════════════════════════════════════════════════════════════
2026-04-16 13:27:41,756 INFO     ___FILE_ONLY___ ╝

2026-04-16 13:27:41,759 INFO     ___FILE_ONLY___ ╔════════════════════════════════════════════════════════════╗

2026-04-16 13:27:41,759 INFO     ___FILE_ONLY___ ╠═ Downloading: Bundled Python 3.13 (Platform Specific)     ═╣

2026-04-16 13:27:41,759 INFO     ___FILE_ONLY___ ╚
2026-04-16 13:27:41,760 DEBUG    root            On GCE from memory cache: False
2026-04-16 13:27:41,762 DEBUG    root            On GCE from memory cache: False
2026-04-16 13:27:41,764 DEBUG    urllib3.connectionpool Starting new HTTPS connection (1): dl.google.com:443
2026-04-16 13:27:41,835 DEBUG    urllib3.connectionpool https://dl.google.com:443 "GET /dl/cloudsdk/channels/rapid/components/google-cloud-sdk-bundled-python3-unix-linux-x86_64-20260403133411.tar.gz HTTP/1.1" 200 146063125
2026-04-16 13:27:42,756 INFO     ___FILE_ONLY___ ═
2026-04-16 13:27:42,760 INFO     ___FILE_ONLY___ ═
2026-04-16 13:27:42,765 INFO     ___FILE_ONLY___ ═
2026-04-16 13:27:42,769 INFO     ___FILE_ONLY___ ═
2026-04-16 13:27:42,775 INFO     ___FILE_ONLY___ ═
2026-04-16 13:27:42,780 INFO     ___FILE_ONLY___ ═
2026-04-16 13:27:42,785 INFO     ___FILE_ONLY___ ═
2026-04-16 13:27:42,790 INFO     ___FILE_ONLY___ ═
2026-04-16 13:27:42,795 INFO     ___FILE_ONLY___ ═
2026-04-16 13:27:42,800 INFO     ___FILE_ONLY___ ═
2026-04-16 13:27:42,804 INFO     ___FILE_ONLY___ ═
2026-04-16 13:27:42,809 INFO     ___FILE_ONLY___ ═
2026-04-16 13:27:42,814 INFO     ___FILE_ONLY___ ═
2026-04-16 13:27:42,819 INFO     ___FILE_ONLY___ ═
2026-04-16 13:27:42,823 INFO     ___FILE_ONLY___ ═
2026-04-16 13:27:42,827 INFO     ___FILE_ONLY___ ═
2026-04-16 13:27:42,832 INFO     ___FILE_ONLY___ ═
2026-04-16 13:27:42,836 INFO     ___FILE_ONLY___ ═
2026-04-16 13:27:42,840 INFO     ___FILE_ONLY___ ═
2026-04-16 13:27:42,845 INFO     ___FILE_ONLY___ ═
2026-04-16 13:27:42,849 INFO     ___FILE_ONLY___ ═
2026-04-16 13:27:42,853 INFO     ___FILE_ONLY___ ═
2026-04-16 13:27:42,857 INFO     ___FILE_ONLY___ ═
2026-04-16 13:27:42,863 INFO     ___FILE_ONLY___ ═
2026-04-16 13:27:42,867 INFO     ___FILE_ONLY___ ═
2026-04-16 13:27:42,871 INFO     ___FILE_ONLY___ ═
2026-04-16 13:27:42,875 INFO     ___FILE_ONLY___ ═
2026-04-16 13:27:42,879 INFO     ___FILE_ONLY___ ═
2026-04-16 13:27:42,883 INFO     ___FILE_ONLY___ ═
2026-04-16 13:27:42,888 INFO     ___FILE_ONLY___ ═
2026-04-16 13:27:42,892 INFO     ___FILE_ONLY___ ═
2026-04-16 13:27:42,897 INFO     ___FILE_ONLY___ ═
2026-04-16 13:27:42,902 INFO     ___FILE_ONLY___ ═
2026-04-16 13:27:42,906 INFO     ___FILE_ONLY___ ═
2026-04-16 13:27:42,910 INFO     ___FILE_ONLY___ ═
2026-04-16 13:27:42,914 INFO     ___FILE_ONLY___ ═
2026-04-16 13:27:42,918 INFO     ___FILE_ONLY___ ═
2026-04-16 13:27:42,922 INFO     ___FILE_ONLY___ ═
2026-04-16 13:27:42,926 INFO     ___FILE_ONLY___ ═
2026-04-16 13:27:42,931 INFO     ___FILE_ONLY___ ═
2026-04-16 13:27:42,936 INFO     ___FILE_ONLY___ ═
2026-04-16 13:27:42,941 INFO     ___FILE_ONLY___ ═
2026-04-16 13:27:42,945 INFO     ___FILE_ONLY___ ═
2026-04-16 13:27:42,949 INFO     ___FILE_ONLY___ ═
2026-04-16 13:27:42,955 INFO     ___FILE_ONLY___ ═
2026-04-16 13:27:42,960 INFO     ___FILE_ONLY___ ═
2026-04-16 13:27:42,965 INFO     ___FILE_ONLY___ ═
2026-04-16 13:27:42,969 INFO     ___FILE_ONLY___ ═
2026-04-16 13:27:42,974 INFO     ___FILE_ONLY___ ═
2026-04-16 13:27:42,979 INFO     ___FILE_ONLY___ ═
2026-04-16 13:27:42,984 INFO     ___FILE_ONLY___ ═
2026-04-16 13:27:42,988 INFO     ___FILE_ONLY___ ═
2026-04-16 13:27:42,994 INFO     ___FILE_ONLY___ ═
2026-04-16 13:27:43,000 INFO     ___FILE_ONLY___ ═
2026-04-16 13:27:43,005 INFO     ___FILE_ONLY___ ═
2026-04-16 13:27:43,009 INFO     ___FILE_ONLY___ ═
2026-04-16 13:27:43,013 INFO     ___FILE_ONLY___ ═
2026-04-16 13:27:43,017 INFO     ___FILE_ONLY___ ═
2026-04-16 13:27:43,022 INFO     ___FILE_ONLY___ ═
2026-04-16 13:27:43,026 INFO     ___FILE_ONLY___ ═
2026-04-16 13:27:43,026 INFO     ___FILE_ONLY___ ╝

2026-04-16 13:27:43,029 INFO     ___FILE_ONLY___ ╔════════════════════════════════════════════════════════════╗

2026-04-16 13:27:43,029 INFO     ___FILE_ONLY___ ╠═ Downloading: Cloud Storage Command Line Tool             ═╣

2026-04-16 13:27:43,030 INFO     ___FILE_ONLY___ ╚
2026-04-16 13:27:43,031 DEBUG    root            On GCE from memory cache: False
2026-04-16 13:27:43,033 DEBUG    root            On GCE from memory cache: False
2026-04-16 13:27:43,034 DEBUG    urllib3.connectionpool Starting new HTTPS connection (1): dl.google.com:443
2026-04-16 13:27:43,107 DEBUG    urllib3.connectionpool https://dl.google.com:443 "GET /dl/cloudsdk/channels/rapid/components/google-cloud-sdk-gsutil-20260309182415.tar.gz HTTP/1.1" 200 12962580
2026-04-16 13:27:43,193 INFO     ___FILE_ONLY___ ═
2026-04-16 13:27:43,193 INFO     ___FILE_ONLY___ ═
2026-04-16 13:27:43,194 INFO     ___FILE_ONLY___ ═
2026-04-16 13:27:43,194 INFO     ___FILE_ONLY___ ═
2026-04-16 13:27:43,195 INFO     ___FILE_ONLY___ ═
2026-04-16 13:27:43,196 INFO     ___FILE_ONLY___ ═
2026-04-16 13:27:43,196 INFO     ___FILE_ONLY___ ═
2026-04-16 13:27:43,197 INFO     ___FILE_ONLY___ ═
2026-04-16 13:27:43,197 INFO     ___FILE_ONLY___ ═
2026-04-16 13:27:43,198 INFO     ___FILE_ONLY___ ═
2026-04-16 13:27:43,198 INFO     ___FILE_ONLY___ ═
2026-04-16 13:27:43,199 INFO     ___FILE_ONLY___ ═
2026-04-16 13:27:43,199 INFO     ___FILE_ONLY___ ═
2026-04-16 13:27:43,200 INFO     ___FILE_ONLY___ ═
2026-04-16 13:27:43,201 INFO     ___FILE_ONLY___ ═
2026-04-16 13:27:43,201 INFO     ___FILE_ONLY___ ═
2026-04-16 13:27:43,202 INFO     ___FILE_ONLY___ ═
2026-04-16 13:27:43,202 INFO     ___FILE_ONLY___ ═
2026-04-16 13:27:43,203 INFO     ___FILE_ONLY___ ═
2026-04-16 13:27:43,203 INFO     ___FILE_ONLY___ ═
2026-04-16 13:27:43,204 INFO     ___FILE_ONLY___ ═
2026-04-16 13:27:43,204 INFO     ___FILE_ONLY___ ═
2026-04-16 13:27:43,205 INFO     ___FILE_ONLY___ ═
2026-04-16 13:27:43,206 INFO     ___FILE_ONLY___ ═
2026-04-16 13:27:43,206 INFO     ___FILE_ONLY___ ═
2026-04-16 13:27:43,207 INFO     ___FILE_ONLY___ ═
2026-04-16 13:27:43,207 INFO     ___FILE_ONLY___ ═
2026-04-16 13:27:43,208 INFO     ___FILE_ONLY___ ═
2026-04-16 13:27:43,208 INFO     ___FILE_ONLY___ ═
2026-04-16 13:27:43,209 INFO     ___FILE_ONLY___ ═
2026-04-16 13:27:43,209 INFO     ___FILE_ONLY___ ═
2026-04-16 13:27:43,210 INFO     ___FILE_ONLY___ ═
2026-04-16 13:27:43,210 INFO     ___FILE_ONLY___ ═
2026-04-16 13:27:43,211 INFO     ___FILE_ONLY___ ═
2026-04-16 13:27:43,211 INFO     ___FILE_ONLY___ ═
2026-04-16 13:27:43,212 INFO     ___FILE_ONLY___ ═
2026-04-16 13:27:43,212 INFO     ___FILE_ONLY___ ═
2026-04-16 13:27:43,213 INFO     ___FILE_ONLY___ ═
2026-04-16 13:27:43,213 INFO     ___FILE_ONLY___ ═
2026-04-16 13:27:43,214 INFO     ___FILE_ONLY___ ═
2026-04-16 13:27:43,215 INFO     ___FILE_ONLY___ ═
2026-04-16 13:27:43,215 INFO     ___FILE_ONLY___ ═
2026-04-16 13:27:43,216 INFO     ___FILE_ONLY___ ═
2026-04-16 13:27:43,217 INFO     ___FILE_ONLY___ ═
2026-04-16 13:27:43,217 INFO     ___FILE_ONLY___ ═
2026-04-16 13:27:43,218 INFO     ___FILE_ONLY___ ═
2026-04-16 13:27:43,218 INFO     ___FILE_ONLY___ ═
2026-04-16 13:27:43,219 INFO     ___FILE_ONLY___ ═
2026-04-16 13:27:43,219 INFO     ___FILE_ONLY___ ═
2026-04-16 13:27:43,220 INFO     ___FILE_ONLY___ ═
2026-04-16 13:27:43,220 INFO     ___FILE_ONLY___ ═
2026-04-16 13:27:43,221 INFO     ___FILE_ONLY___ ═
2026-04-16 13:27:43,221 INFO     ___FILE_ONLY___ ═
2026-04-16 13:27:43,222 INFO     ___FILE_ONLY___ ═
2026-04-16 13:27:43,222 INFO     ___FILE_ONLY___ ═
2026-04-16 13:27:43,223 INFO     ___FILE_ONLY___ ═
2026-04-16 13:27:43,223 INFO     ___FILE_ONLY___ ═
2026-04-16 13:27:43,224 INFO     ___FILE_ONLY___ ═
2026-04-16 13:27:43,224 INFO     ___FILE_ONLY___ ═
2026-04-16 13:27:43,225 INFO     ___FILE_ONLY___ ═
2026-04-16 13:27:43,225 INFO     ___FILE_ONLY___ ╝

2026-04-16 13:27:43,228 INFO     ___FILE_ONLY___ ╔════════════════════════════════════════════════════════════╗

2026-04-16 13:27:43,228 INFO     ___FILE_ONLY___ ╠═ Downloading: Cloud Storage Command Line Tool (Platfor... ═╣

2026-04-16 13:27:43,228 INFO     ___FILE_ONLY___ ╚
2026-04-16 13:27:43,230 DEBUG    root            On GCE from memory cache: False
2026-04-16 13:27:43,233 DEBUG    root            On GCE from memory cache: False
2026-04-16 13:27:43,235 DEBUG    urllib3.connectionpool Starting new HTTPS connection (1): dl.google.com:443
2026-04-16 13:27:43,308 DEBUG    urllib3.connectionpool https://dl.google.com:443 "GET /dl/cloudsdk/channels/rapid/components/google-cloud-sdk-gsutil-nix-20260323151659.tar.gz HTTP/1.1" 200 1946
2026-04-16 13:27:43,309 INFO     ___FILE_ONLY___ ════════════════════════════════════════════════════════════
2026-04-16 13:27:43,309 INFO     ___FILE_ONLY___ ╝

2026-04-16 13:27:43,312 INFO     ___FILE_ONLY___ ╔════════════════════════════════════════════════════════════╗

2026-04-16 13:27:43,312 INFO     ___FILE_ONLY___ ╠═ Downloading: Default set of gcloud commands              ═╣

2026-04-16 13:27:43,312 INFO     ___FILE_ONLY___ ╚
2026-04-16 13:27:43,312 INFO     ___FILE_ONLY___ ════════════════════════════════════════════════════════════
2026-04-16 13:27:43,313 INFO     ___FILE_ONLY___ ╝

2026-04-16 13:27:43,315 INFO     ___FILE_ONLY___ ╔════════════════════════════════════════════════════════════╗

2026-04-16 13:27:43,316 INFO     ___FILE_ONLY___ ╠═ Downloading: Google Cloud CLI Core Libraries (Platfor... ═╣

2026-04-16 13:27:43,316 INFO     ___FILE_ONLY___ ╚
2026-04-16 13:27:43,317 DEBUG    root            On GCE from memory cache: False
2026-04-16 13:27:43,319 DEBUG    root            On GCE from memory cache: False
2026-04-16 13:27:43,321 DEBUG    urllib3.connectionpool Starting new HTTPS connection (1): dl.google.com:443
2026-04-16 13:27:43,400 DEBUG    urllib3.connectionpool https://dl.google.com:443 "GET /dl/cloudsdk/channels/rapid/components/google-cloud-sdk-core-nix-20260323151659.tar.gz HTTP/1.1" 200 2323
2026-04-16 13:27:43,401 INFO     ___FILE_ONLY___ ════════════════════════════════════════════════════════════
2026-04-16 13:27:43,401 INFO     ___FILE_ONLY___ ╝

2026-04-16 13:27:43,403 INFO     ___FILE_ONLY___ ╔════════════════════════════════════════════════════════════╗

2026-04-16 13:27:43,404 INFO     ___FILE_ONLY___ ╠═ Downloading: Google Cloud CRC32C Hash Tool               ═╣

2026-04-16 13:27:43,404 INFO     ___FILE_ONLY___ ╚
2026-04-16 13:27:43,404 INFO     ___FILE_ONLY___ ════════════════════════════════════════════════════════════
2026-04-16 13:27:43,404 INFO     ___FILE_ONLY___ ╝

2026-04-16 13:27:43,406 INFO     ___FILE_ONLY___ ╔════════════════════════════════════════════════════════════╗

2026-04-16 13:27:43,406 INFO     ___FILE_ONLY___ ╠═ Downloading: Google Cloud CRC32C Hash Tool (Platform ... ═╣

2026-04-16 13:27:43,406 INFO     ___FILE_ONLY___ ╚
2026-04-16 13:27:43,408 DEBUG    root            On GCE from memory cache: False
2026-04-16 13:27:43,409 DEBUG    root            On GCE from memory cache: False
2026-04-16 13:27:43,411 DEBUG    urllib3.connectionpool Starting new HTTPS connection (1): dl.google.com:443
2026-04-16 13:27:43,483 DEBUG    urllib3.connectionpool https://dl.google.com:443 "GET /dl/cloudsdk/channels/rapid/components/google-cloud-sdk-gcloud-crc32c-linux-x86_64-20260410153504.tar.gz HTTP/1.1" 200 1609196
2026-04-16 13:27:43,503 INFO     ___FILE_ONLY___ ═
2026-04-16 13:27:43,503 INFO     ___FILE_ONLY___ ═
2026-04-16 13:27:43,504 INFO     ___FILE_ONLY___ ═
2026-04-16 13:27:43,504 INFO     ___FILE_ONLY___ ═
2026-04-16 13:27:43,504 INFO     ___FILE_ONLY___ ═
2026-04-16 13:27:43,504 INFO     ___FILE_ONLY___ ═
2026-04-16 13:27:43,504 INFO     ___FILE_ONLY___ ═
2026-04-16 13:27:43,504 INFO     ___FILE_ONLY___ ═
2026-04-16 13:27:43,504 INFO     ___FILE_ONLY___ ═
2026-04-16 13:27:43,505 INFO     ___FILE_ONLY___ ═
2026-04-16 13:27:43,505 INFO     ___FILE_ONLY___ ═
2026-04-16 13:27:43,505 INFO     ___FILE_ONLY___ ═
2026-04-16 13:27:43,505 INFO     ___FILE_ONLY___ ═
2026-04-16 13:27:43,505 INFO     ___FILE_ONLY___ ═
2026-04-16 13:27:43,505 INFO     ___FILE_ONLY___ ═
2026-04-16 13:27:43,506 INFO     ___FILE_ONLY___ ═
2026-04-16 13:27:43,506 INFO     ___FILE_ONLY___ ═
2026-04-16 13:27:43,506 INFO     ___FILE_ONLY___ ═
2026-04-16 13:27:43,506 INFO     ___FILE_ONLY___ ═
2026-04-16 13:27:43,506 INFO     ___FILE_ONLY___ ═
2026-04-16 13:27:43,507 INFO     ___FILE_ONLY___ ═
2026-04-16 13:27:43,507 INFO     ___FILE_ONLY___ ═
2026-04-16 13:27:43,507 INFO     ___FILE_ONLY___ ═
2026-04-16 13:27:43,507 INFO     ___FILE_ONLY___ ═
2026-04-16 13:27:43,507 INFO     ___FILE_ONLY___ ═
2026-04-16 13:27:43,507 INFO     ___FILE_ONLY___ ═
2026-04-16 13:27:43,507 INFO     ___FILE_ONLY___ ═
2026-04-16 13:27:43,508 INFO     ___FILE_ONLY___ ═
2026-04-16 13:27:43,508 INFO     ___FILE_ONLY___ ═
2026-04-16 13:27:43,508 INFO     ___FILE_ONLY___ ═
2026-04-16 13:27:43,508 INFO     ___FILE_ONLY___ ═
2026-04-16 13:27:43,508 INFO     ___FILE_ONLY___ ═
2026-04-16 13:27:43,508 INFO     ___FILE_ONLY___ ═
2026-04-16 13:27:43,508 INFO     ___FILE_ONLY___ ═
2026-04-16 13:27:43,509 INFO     ___FILE_ONLY___ ═
2026-04-16 13:27:43,509 INFO     ___FILE_ONLY___ ═
2026-04-16 13:27:43,509 INFO     ___FILE_ONLY___ ═
2026-04-16 13:27:43,509 INFO     ___FILE_ONLY___ ═
2026-04-16 13:27:43,510 INFO     ___FILE_ONLY___ ═
2026-04-16 13:27:43,510 INFO     ___FILE_ONLY___ ═
2026-04-16 13:27:43,510 INFO     ___FILE_ONLY___ ═
2026-04-16 13:27:43,510 INFO     ___FILE_ONLY___ ═
2026-04-16 13:27:43,510 INFO     ___FILE_ONLY___ ═
2026-04-16 13:27:43,511 INFO     ___FILE_ONLY___ ═
2026-04-16 13:27:43,511 INFO     ___FILE_ONLY___ ═
2026-04-16 13:27:43,511 INFO     ___FILE_ONLY___ ═
2026-04-16 13:27:43,511 INFO     ___FILE_ONLY___ ═
2026-04-16 13:27:43,512 INFO     ___FILE_ONLY___ ═
2026-04-16 13:27:43,512 INFO     ___FILE_ONLY___ ═
2026-04-16 13:27:43,512 INFO     ___FILE_ONLY___ ═
2026-04-16 13:27:43,512 INFO     ___FILE_ONLY___ ═
2026-04-16 13:27:43,512 INFO     ___FILE_ONLY___ ═
2026-04-16 13:27:43,512 INFO     ___FILE_ONLY___ ═
2026-04-16 13:27:43,513 INFO     ___FILE_ONLY___ ═
2026-04-16 13:27:43,513 INFO     ___FILE_ONLY___ ═
2026-04-16 13:27:43,513 INFO     ___FILE_ONLY___ ═
2026-04-16 13:27:43,513 INFO     ___FILE_ONLY___ ═
2026-04-16 13:27:43,513 INFO     ___FILE_ONLY___ ═
2026-04-16 13:27:43,513 INFO     ___FILE_ONLY___ ═
2026-04-16 13:27:43,513 INFO     ___FILE_ONLY___ ═
2026-04-16 13:27:43,513 INFO     ___FILE_ONLY___ ╝

2026-04-16 13:27:43,516 INFO     ___FILE_ONLY___ ╔════════════════════════════════════════════════════════════╗

2026-04-16 13:27:43,516 INFO     ___FILE_ONLY___ ╠═ Downloading: gcloud cli dependencies (Platform Specific) ═╣

2026-04-16 13:27:43,516 INFO     ___FILE_ONLY___ ╚
2026-04-16 13:27:43,518 DEBUG    root            On GCE from memory cache: False
2026-04-16 13:27:43,519 DEBUG    root            On GCE from memory cache: False
2026-04-16 13:27:43,521 DEBUG    urllib3.connectionpool Starting new HTTPS connection (1): dl.google.com:443
2026-04-16 13:27:43,595 DEBUG    urllib3.connectionpool https://dl.google.com:443 "GET /dl/cloudsdk/channels/rapid/components/google-cloud-sdk-gcloud-deps-linux-x86_64-20210416153011.tar.gz HTTP/1.1" 200 104
2026-04-16 13:27:43,596 INFO     ___FILE_ONLY___ ════════════════════════════════════════════════════════════
2026-04-16 13:27:43,596 INFO     ___FILE_ONLY___ ╝

2026-04-16 13:27:43,599 INFO     ___FILE_ONLY___ ╔════════════════════════════════════════════════════════════╗

2026-04-16 13:27:43,599 INFO     ___FILE_ONLY___ ╠═ Installing: BigQuery Command Line Tool                   ═╣

2026-04-16 13:27:43,599 INFO     ___FILE_ONLY___ ╚
2026-04-16 13:27:43,768 INFO     ___FILE_ONLY___ ═
2026-04-16 13:27:43,773 INFO     ___FILE_ONLY___ ═
2026-04-16 13:27:43,777 INFO     ___FILE_ONLY___ ═
2026-04-16 13:27:43,783 INFO     ___FILE_ONLY___ ═
2026-04-16 13:27:43,787 INFO     ___FILE_ONLY___ ═
2026-04-16 13:27:43,792 INFO     ___FILE_ONLY___ ═
2026-04-16 13:27:43,798 INFO     ___FILE_ONLY___ ═
2026-04-16 13:27:43,803 INFO     ___FILE_ONLY___ ═
2026-04-16 13:27:43,808 INFO     ___FILE_ONLY___ ═
2026-04-16 13:27:43,813 INFO     ___FILE_ONLY___ ═
2026-04-16 13:27:43,817 INFO     ___FILE_ONLY___ ═
2026-04-16 13:27:43,821 INFO     ___FILE_ONLY___ ═
2026-04-16 13:27:43,825 INFO     ___FILE_ONLY___ ═
2026-04-16 13:27:43,829 INFO     ___FILE_ONLY___ ═
2026-04-16 13:27:43,835 INFO     ___FILE_ONLY___ ═
2026-04-16 13:27:43,839 INFO     ___FILE_ONLY___ ═
2026-04-16 13:27:43,844 INFO     ___FILE_ONLY___ ═
2026-04-16 13:27:43,852 INFO     ___FILE_ONLY___ ═
2026-04-16 13:27:43,857 INFO     ___FILE_ONLY___ ═
2026-04-16 13:27:43,861 INFO     ___FILE_ONLY___ ═
2026-04-16 13:27:43,865 INFO     ___FILE_ONLY___ ═
2026-04-16 13:27:43,869 INFO     ___FILE_ONLY___ ═
2026-04-16 13:27:43,872 INFO     ___FILE_ONLY___ ═
2026-04-16 13:27:43,876 INFO     ___FILE_ONLY___ ═
2026-04-16 13:27:43,880 INFO     ___FILE_ONLY___ ═
2026-04-16 13:27:43,884 INFO     ___FILE_ONLY___ ═
2026-04-16 13:27:43,888 INFO     ___FILE_ONLY___ ═
2026-04-16 13:27:43,892 INFO     ___FILE_ONLY___ ═
2026-04-16 13:27:43,896 INFO     ___FILE_ONLY___ ═
2026-04-16 13:27:43,900 INFO     ___FILE_ONLY___ ═
2026-04-16 13:27:43,904 INFO     ___FILE_ONLY___ ═
2026-04-16 13:27:43,907 INFO     ___FILE_ONLY___ ═
2026-04-16 13:27:43,912 INFO     ___FILE_ONLY___ ═
2026-04-16 13:27:43,920 INFO     ___FILE_ONLY___ ═
2026-04-16 13:27:43,923 INFO     ___FILE_ONLY___ ═
2026-04-16 13:27:43,927 INFO     ___FILE_ONLY___ ═
2026-04-16 13:27:43,931 INFO     ___FILE_ONLY___ ═
2026-04-16 13:27:43,936 INFO     ___FILE_ONLY___ ═
2026-04-16 13:27:43,947 INFO     ___FILE_ONLY___ ═
2026-04-16 13:27:43,959 INFO     ___FILE_ONLY___ ═
2026-04-16 13:27:43,963 INFO     ___FILE_ONLY___ ═
2026-04-16 13:27:43,967 INFO     ___FILE_ONLY___ ═
2026-04-16 13:27:43,973 INFO     ___FILE_ONLY___ ═
2026-04-16 13:27:43,977 INFO     ___FILE_ONLY___ ═
2026-04-16 13:27:43,981 INFO     ___FILE_ONLY___ ═
2026-04-16 13:27:43,989 INFO     ___FILE_ONLY___ ═
2026-04-16 13:27:43,993 INFO     ___FILE_ONLY___ ═
2026-04-16 13:27:43,997 INFO     ___FILE_ONLY___ ═
2026-04-16 13:27:44,002 INFO     ___FILE_ONLY___ ═
2026-04-16 13:27:44,006 INFO     ___FILE_ONLY___ ═
2026-04-16 13:27:44,010 INFO     ___FILE_ONLY___ ═
2026-04-16 13:27:44,013 INFO     ___FILE_ONLY___ ═
2026-04-16 13:27:44,019 INFO     ___FILE_ONLY___ ═
2026-04-16 13:27:44,023 INFO     ___FILE_ONLY___ ═
2026-04-16 13:27:44,027 INFO     ___FILE_ONLY___ ═
2026-04-16 13:27:44,030 INFO     ___FILE_ONLY___ ═
2026-04-16 13:27:44,034 INFO     ___FILE_ONLY___ ═
2026-04-16 13:27:44,038 INFO     ___FILE_ONLY___ ═
2026-04-16 13:27:44,041 INFO     ___FILE_ONLY___ ═
2026-04-16 13:27:44,045 INFO     ___FILE_ONLY___ ═
2026-04-16 13:27:44,046 INFO     ___FILE_ONLY___ ╝

2026-04-16 13:27:44,060 INFO     ___FILE_ONLY___ ╔════════════════════════════════════════════════════════════╗

2026-04-16 13:27:44,060 INFO     ___FILE_ONLY___ ╠═ Installing: BigQuery Command Line Tool (Platform Spec... ═╣

2026-04-16 13:27:44,060 INFO     ___FILE_ONLY___ ╚
2026-04-16 13:27:44,061 INFO     ___FILE_ONLY___ ════════════════════════════════════════════════════════════
2026-04-16 13:27:44,062 INFO     ___FILE_ONLY___ ╝

2026-04-16 13:27:44,071 INFO     ___FILE_ONLY___ ╔════════════════════════════════════════════════════════════╗

2026-04-16 13:27:44,072 INFO     ___FILE_ONLY___ ╠═ Installing: Bundled Python 3.13                          ═╣

2026-04-16 13:27:44,072 INFO     ___FILE_ONLY___ ╚
2026-04-16 13:27:44,080 INFO     ___FILE_ONLY___ ════════════════════════════════════════════════════════════
2026-04-16 13:27:44,080 INFO     ___FILE_ONLY___ ╝

2026-04-16 13:27:44,083 INFO     ___FILE_ONLY___ ╔════════════════════════════════════════════════════════════╗

2026-04-16 13:27:44,083 INFO     ___FILE_ONLY___ ╠═ Installing: Bundled Python 3.13 (Platform Specific)      ═╣

2026-04-16 13:27:44,083 INFO     ___FILE_ONLY___ ╚
2026-04-16 13:27:47,363 INFO     ___FILE_ONLY___ ═
2026-04-16 13:27:47,382 INFO     ___FILE_ONLY___ ═
2026-04-16 13:27:48,153 INFO     ___FILE_ONLY___ ═
2026-04-16 13:27:49,810 INFO     ___FILE_ONLY___ ═
2026-04-16 13:27:49,839 INFO     ___FILE_ONLY___ ═
2026-04-16 13:27:49,867 INFO     ___FILE_ONLY___ ═
2026-04-16 13:27:49,887 INFO     ___FILE_ONLY___ ═
2026-04-16 13:27:49,918 INFO     ___FILE_ONLY___ ═
2026-04-16 13:27:50,016 INFO     ___FILE_ONLY___ ═
2026-04-16 13:27:50,037 INFO     ___FILE_ONLY___ ═
2026-04-16 13:27:50,057 INFO     ___FILE_ONLY___ ═
2026-04-16 13:27:50,089 INFO     ___FILE_ONLY___ ═
2026-04-16 13:27:50,108 INFO     ___FILE_ONLY___ ═
2026-04-16 13:27:50,126 INFO     ___FILE_ONLY___ ═
2026-04-16 13:27:50,143 INFO     ___FILE_ONLY___ ═
2026-04-16 13:27:50,160 INFO     ___FILE_ONLY___ ═
2026-04-16 13:27:50,176 INFO     ___FILE_ONLY___ ═
2026-04-16 13:27:50,196 INFO     ___FILE_ONLY___ ═
2026-04-16 13:27:50,215 INFO     ___FILE_ONLY___ ═
2026-04-16 13:27:50,235 INFO     ___FILE_ONLY___ ═
2026-04-16 13:27:50,252 INFO     ___FILE_ONLY___ ═
2026-04-16 13:27:50,276 INFO     ___FILE_ONLY___ ═
2026-04-16 13:27:50,293 INFO     ___FILE_ONLY___ ═
2026-04-16 13:27:50,320 INFO     ___FILE_ONLY___ ═
2026-04-16 13:27:50,337 INFO     ___FILE_ONLY___ ═
2026-04-16 13:27:50,502 INFO     ___FILE_ONLY___ ═
2026-04-16 13:27:51,009 INFO     ___FILE_ONLY___ ═
2026-04-16 13:27:51,034 INFO     ___FILE_ONLY___ ═
2026-04-16 13:27:51,063 INFO     ___FILE_ONLY___ ═
2026-04-16 13:27:51,079 INFO     ___FILE_ONLY___ ═
2026-04-16 13:27:51,093 INFO     ___FILE_ONLY___ ═
2026-04-16 13:27:51,107 INFO     ___FILE_ONLY___ ═
2026-04-16 13:27:51,121 INFO     ___FILE_ONLY___ ═
2026-04-16 13:27:51,137 INFO     ___FILE_ONLY___ ═
2026-04-16 13:27:51,153 INFO     ___FILE_ONLY___ ═
2026-04-16 13:27:51,166 INFO     ___FILE_ONLY___ ═
2026-04-16 13:27:51,181 INFO     ___FILE_ONLY___ ═
2026-04-16 13:27:51,195 INFO     ___FILE_ONLY___ ═
2026-04-16 13:27:51,213 INFO     ___FILE_ONLY___ ═
2026-04-16 13:27:51,229 INFO     ___FILE_ONLY___ ═
2026-04-16 13:27:51,244 INFO     ___FILE_ONLY___ ═
2026-04-16 13:27:51,258 INFO     ___FILE_ONLY___ ═
2026-04-16 13:27:51,273 INFO     ___FILE_ONLY___ ═
2026-04-16 13:27:51,288 INFO     ___FILE_ONLY___ ═
2026-04-16 13:27:51,303 INFO     ___FILE_ONLY___ ═
2026-04-16 13:27:51,316 INFO     ___FILE_ONLY___ ═
2026-04-16 13:27:51,330 INFO     ___FILE_ONLY___ ═
2026-04-16 13:27:51,344 INFO     ___FILE_ONLY___ ═
2026-04-16 13:27:51,358 INFO     ___FILE_ONLY___ ═
2026-04-16 13:27:51,372 INFO     ___FILE_ONLY___ ═
2026-04-16 13:27:51,386 INFO     ___FILE_ONLY___ ═
2026-04-16 13:27:51,401 INFO     ___FILE_ONLY___ ═
2026-04-16 13:27:51,416 INFO     ___FILE_ONLY___ ═
2026-04-16 13:27:51,431 INFO     ___FILE_ONLY___ ═
2026-04-16 13:27:51,446 INFO     ___FILE_ONLY___ ═
2026-04-16 13:27:51,461 INFO     ___FILE_ONLY___ ═
2026-04-16 13:27:51,476 INFO     ___FILE_ONLY___ ═
2026-04-16 13:27:51,489 INFO     ___FILE_ONLY___ ═
2026-04-16 13:27:51,504 INFO     ___FILE_ONLY___ ═
2026-04-16 13:27:51,518 INFO     ___FILE_ONLY___ ═
2026-04-16 13:27:51,518 INFO     ___FILE_ONLY___ ╝

2026-04-16 13:27:51,592 INFO     ___FILE_ONLY___ ╔════════════════════════════════════════════════════════════╗

2026-04-16 13:27:51,592 INFO     ___FILE_ONLY___ ╠═ Installing: Cloud Storage Command Line Tool              ═╣

2026-04-16 13:27:51,592 INFO     ___FILE_ONLY___ ╚
2026-04-16 13:27:52,141 INFO     ___FILE_ONLY___ ═
2026-04-16 13:27:52,153 INFO     ___FILE_ONLY___ ═
2026-04-16 13:27:52,165 INFO     ___FILE_ONLY___ ═
2026-04-16 13:27:52,175 INFO     ___FILE_ONLY___ ═
2026-04-16 13:27:52,186 INFO     ___FILE_ONLY___ ═
2026-04-16 13:27:52,221 INFO     ___FILE_ONLY___ ═
2026-04-16 13:27:52,235 INFO     ___FILE_ONLY___ ═
2026-04-16 13:27:52,251 INFO     ___FILE_ONLY___ ═
2026-04-16 13:27:52,266 INFO     ___FILE_ONLY___ ═
2026-04-16 13:27:52,282 INFO     ___FILE_ONLY___ ═
2026-04-16 13:27:52,300 INFO     ___FILE_ONLY___ ═
2026-04-16 13:27:52,313 INFO     ___FILE_ONLY___ ═
2026-04-16 13:27:52,325 INFO     ___FILE_ONLY___ ═
2026-04-16 13:27:52,334 INFO     ___FILE_ONLY___ ═
2026-04-16 13:27:52,344 INFO     ___FILE_ONLY___ ═
2026-04-16 13:27:52,363 INFO     ___FILE_ONLY___ ═
2026-04-16 13:27:52,377 INFO     ___FILE_ONLY___ ═
2026-04-16 13:27:52,387 INFO     ___FILE_ONLY___ ═
2026-04-16 13:27:52,401 INFO     ___FILE_ONLY___ ═
2026-04-16 13:27:52,414 INFO     ___FILE_ONLY___ ═
2026-04-16 13:27:52,424 INFO     ___FILE_ONLY___ ═
2026-04-16 13:27:52,437 INFO     ___FILE_ONLY___ ═
2026-04-16 13:27:52,448 INFO     ___FILE_ONLY___ ═
2026-04-16 13:27:52,459 INFO     ___FILE_ONLY___ ═
2026-04-16 13:27:52,470 INFO     ___FILE_ONLY___ ═
2026-04-16 13:27:52,481 INFO     ___FILE_ONLY___ ═
2026-04-16 13:27:52,491 INFO     ___FILE_ONLY___ ═
2026-04-16 13:27:52,506 INFO     ___FILE_ONLY___ ═
2026-04-16 13:27:52,523 INFO     ___FILE_ONLY___ ═
2026-04-16 13:27:52,536 INFO     ___FILE_ONLY___ ═
2026-04-16 13:27:52,550 INFO     ___FILE_ONLY___ ═
2026-04-16 13:27:52,571 INFO     ___FILE_ONLY___ ═
2026-04-16 13:27:52,588 INFO     ___FILE_ONLY___ ═
2026-04-16 13:27:52,608 INFO     ___FILE_ONLY___ ═
2026-04-16 13:27:52,624 INFO     ___FILE_ONLY___ ═
2026-04-16 13:27:52,639 INFO     ___FILE_ONLY___ ═
2026-04-16 13:27:52,650 INFO     ___FILE_ONLY___ ═
2026-04-16 13:27:52,662 INFO     ___FILE_ONLY___ ═
2026-04-16 13:27:52,698 INFO     ___FILE_ONLY___ ═
2026-04-16 13:27:52,714 INFO     ___FILE_ONLY___ ═
2026-04-16 13:27:52,726 INFO     ___FILE_ONLY___ ═
2026-04-16 13:27:52,737 INFO     ___FILE_ONLY___ ═
2026-04-16 13:27:52,749 INFO     ___FILE_ONLY___ ═
2026-04-16 13:27:52,762 INFO     ___FILE_ONLY___ ═
2026-04-16 13:27:52,774 INFO     ___FILE_ONLY___ ═
2026-04-16 13:27:52,784 INFO     ___FILE_ONLY___ ═
2026-04-16 13:27:52,796 INFO     ___FILE_ONLY___ ═
2026-04-16 13:27:52,805 INFO     ___FILE_ONLY___ ═
2026-04-16 13:27:52,817 INFO     ___FILE_ONLY___ ═
2026-04-16 13:27:52,830 INFO     ___FILE_ONLY___ ═
2026-04-16 13:27:52,846 INFO     ___FILE_ONLY___ ═
2026-04-16 13:27:52,861 INFO     ___FILE_ONLY___ ═
2026-04-16 13:27:52,875 INFO     ___FILE_ONLY___ ═
2026-04-16 13:27:52,889 INFO     ___FILE_ONLY___ ═
2026-04-16 13:27:52,902 INFO     ___FILE_ONLY___ ═
2026-04-16 13:27:52,920 INFO     ___FILE_ONLY___ ═
2026-04-16 13:27:52,939 INFO     ___FILE_ONLY___ ═
2026-04-16 13:27:52,963 INFO     ___FILE_ONLY___ ═
2026-04-16 13:27:52,982 INFO     ___FILE_ONLY___ ═
2026-04-16 13:27:53,002 INFO     ___FILE_ONLY___ ═
2026-04-16 13:27:53,003 INFO     ___FILE_ONLY___ ╝

2026-04-16 13:27:53,035 INFO     ___FILE_ONLY___ ╔════════════════════════════════════════════════════════════╗

2026-04-16 13:27:53,035 INFO     ___FILE_ONLY___ ╠═ Installing: Cloud Storage Command Line Tool (Platform... ═╣

2026-04-16 13:27:53,035 INFO     ___FILE_ONLY___ ╚
2026-04-16 13:27:53,036 INFO     ___FILE_ONLY___ ════════════════════════════════════════════════════════════
2026-04-16 13:27:53,036 INFO     ___FILE_ONLY___ ╝

2026-04-16 13:27:53,041 INFO     ___FILE_ONLY___ ╔════════════════════════════════════════════════════════════╗

2026-04-16 13:27:53,041 INFO     ___FILE_ONLY___ ╠═ Installing: Default set of gcloud commands               ═╣

2026-04-16 13:27:53,041 INFO     ___FILE_ONLY___ ╚
2026-04-16 13:27:53,043 INFO     ___FILE_ONLY___ ════════════════════════════════════════════════════════════
2026-04-16 13:27:53,044 INFO     ___FILE_ONLY___ ╝

2026-04-16 13:27:53,045 INFO     ___FILE_ONLY___ ╔════════════════════════════════════════════════════════════╗

2026-04-16 13:27:53,046 INFO     ___FILE_ONLY___ ╠═ Installing: Google Cloud CLI Core Libraries (Platform... ═╣

2026-04-16 13:27:53,046 INFO     ___FILE_ONLY___ ╚
2026-04-16 13:27:53,047 INFO     ___FILE_ONLY___ ══════════════════════════════
2026-04-16 13:27:53,047 INFO     ___FILE_ONLY___ ══════════════════════════════
2026-04-16 13:27:53,047 INFO     ___FILE_ONLY___ ╝

2026-04-16 13:27:53,052 INFO     ___FILE_ONLY___ ╔════════════════════════════════════════════════════════════╗

2026-04-16 13:27:53,052 INFO     ___FILE_ONLY___ ╠═ Installing: Google Cloud CRC32C Hash Tool                ═╣

2026-04-16 13:27:53,052 INFO     ___FILE_ONLY___ ╚
2026-04-16 13:27:53,055 INFO     ___FILE_ONLY___ ════════════════════════════════════════════════════════════
2026-04-16 13:27:53,055 INFO     ___FILE_ONLY___ ╝

2026-04-16 13:27:53,057 INFO     ___FILE_ONLY___ ╔════════════════════════════════════════════════════════════╗

2026-04-16 13:27:53,057 INFO     ___FILE_ONLY___ ╠═ Installing: Google Cloud CRC32C Hash Tool (Platform S... ═╣

2026-04-16 13:27:53,057 INFO     ___FILE_ONLY___ ╚
2026-04-16 13:27:53,096 INFO     ___FILE_ONLY___ ══════════════════════════════
2026-04-16 13:27:53,096 INFO     ___FILE_ONLY___ ══════════════════════════════
2026-04-16 13:27:53,096 INFO     ___FILE_ONLY___ ╝

2026-04-16 13:27:53,101 INFO     ___FILE_ONLY___ ╔════════════════════════════════════════════════════════════╗

2026-04-16 13:27:53,102 INFO     ___FILE_ONLY___ ╠═ Installing: gcloud cli dependencies (Platform Specific)  ═╣

2026-04-16 13:27:53,102 INFO     ___FILE_ONLY___ ╚
2026-04-16 13:27:53,102 INFO     ___FILE_ONLY___ ════════════════════════════════════════════════════════════
2026-04-16 13:27:53,102 INFO     ___FILE_ONLY___ ╝

2026-04-16 13:27:53,107 DEBUG    root            Updating notification cache...
2026-04-16 13:27:53,108 INFO     ___FILE_ONLY___ 

2026-04-16 13:27:53,109 INFO     ___FILE_ONLY___ Performing post processing steps...
2026-04-16 13:27:53,110 DEBUG    root            Executing command: ['/tools/google-cloud-sdk/bin/gcloud', 'components', 'post-process']
2026-04-16 13:28:04,270 DEBUG    ___FILE_ONLY___ 
2026-04-16 13:28:04,270 DEBUG    ___FILE_ONLY___ 
2026-04-16 13:28:04,401 INFO     root            descriptor_list: [{'universeDomain': 'googleapis.com', 'universeShortName': '', 'authenticationDomain': 'auth.cloud.google.com', 'projectPrefix': '', 'cloudWebDomain': 'cloud.google.com', 'documentationDomain': 'cloud.google.com', 'version': '1.0.0', 'state': 'primary', 'artifactRegistryDomain': 'pkg.dev'}]
2026-04-16 13:28:04,402 INFO     ___FILE_ONLY___ 
Update done!


2026-04-16 13:28:04,404 DEBUG    root            Chosen display Format:none
2026-04-16 13:28:04,405 INFO     root            Display format: "none"
